<?xml version="1.0" encoding="UTF-8"?>
<!-- Generated by org.testng.reporters.JUnitReportReporter -->
<testsuite hostname="DESKTOP-HLF1SQE" failures="0" tests="1" name="com.DataDrivenParameter.UserNameCorrect" time="4.997" errors="0" timestamp="2023-01-13T14:34:28 IST" skipped="0">
  <testcase classname="com.DataDrivenParameter.UserNameCorrect" name="ValidUsername" time="4.997"/>
  <system-out/>
</testsuite> <!-- com.DataDrivenParameter.UserNameCorrect -->
