<?xml version="1.0" encoding="UTF-8"?>
<!-- Generated by org.testng.reporters.JUnitReportReporter -->
<testsuite hostname="DESKTOP-HLF1SQE" failures="0" tests="1" name="com.datadriven.BothIncorrect" time="4.422" errors="0" timestamp="2023-01-13T12:22:49 IST" skipped="0">
  <testcase classname="com.datadriven.BothIncorrect" name="ValidUsername" time="4.422"/>
  <system-out/>
</testsuite> <!-- com.datadriven.BothIncorrect -->
