<?xml version="1.0" encoding="UTF-8"?>
<!-- Generated by org.testng.reporters.JUnitReportReporter -->
<testsuite hostname="DESKTOP-HLF1SQE" failures="0" tests="4" name="com.DataDrivenJXL.DataDrivenExcel" time="18.875" errors="0" timestamp="2023-01-25T17:05:14 IST" skipped="0">
  <testcase classname="com.DataDrivenJXL.DataDrivenExcel" name="GetData" time="5.688"/>
  <system-out/>
  <testcase classname="com.DataDrivenJXL.DataDrivenExcel" name="GetData" time="4.428"/>
  <system-out/>
  <testcase classname="com.DataDrivenJXL.DataDrivenExcel" name="GetData" time="4.390"/>
  <system-out/>
  <testcase classname="com.DataDrivenJXL.DataDrivenExcel" name="GetData" time="4.369"/>
  <system-out/>
</testsuite> <!-- com.DataDrivenJXL.DataDrivenExcel -->
