<?xml version="1.0" encoding="UTF-8"?>
<!-- Generated by org.testng.reporters.JUnitReportReporter -->
<testsuite hostname="DESKTOP-HLF1SQE" failures="0" tests="1" name="com.datadriven.BothCorrect" time="5.602" errors="0" timestamp="2023-01-13T12:22:49 IST" skipped="0">
  <testcase classname="com.datadriven.BothCorrect" name="ValidUsername" time="5.602"/>
  <system-out/>
</testsuite> <!-- com.datadriven.BothCorrect -->
