<?xml version="1.0" encoding="UTF-8"?>
<!-- Generated by org.testng.reporters.JUnitReportReporter -->
<testsuite hostname="DESKTOP-HLF1SQE" failures="0" tests="1" name="com.DataDrivenParameter.PasswordCorrect" time="4.417" errors="0" timestamp="2023-01-13T14:34:28 IST" skipped="0">
  <testcase classname="com.DataDrivenParameter.PasswordCorrect" name="ValidPassword" time="4.417"/>
  <system-out/>
</testsuite> <!-- com.DataDrivenParameter.PasswordCorrect -->
