<?xml version="1.0" encoding="UTF-8"?>
<!-- Generated by org.testng.reporters.JUnitReportReporter -->
<testsuite hostname="DESKTOP-HLF1SQE" failures="0" tests="4" name="com.DataDrivenDataProvider.DataProviderExample" time="20.503" errors="0" timestamp="2023-01-19T15:09:57 IST" skipped="0">
  <testcase classname="com.DataDrivenDataProvider.DataProviderExample" name="LoginWithDataProvider" time="5.962"/>
  <system-out/>
  <testcase classname="com.DataDrivenDataProvider.DataProviderExample" name="LoginWithDataProvider" time="4.517"/>
  <system-out/>
  <testcase classname="com.DataDrivenDataProvider.DataProviderExample" name="LoginWithDataProvider" time="4.509"/>
  <system-out/>
  <testcase classname="com.DataDrivenDataProvider.DataProviderExample" name="LoginWithDataProvider" time="5.515"/>
  <system-out/>
</testsuite> <!-- com.DataDrivenDataProvider.DataProviderExample -->
