<?xml version="1.0" encoding="UTF-8"?>
<!-- Generated by org.testng.reporters.JUnitReportReporter -->
<testsuite hostname="DESKTOP-HLF1SQE" failures="0" tests="1" name="com.DataDrivenBasic.UserNameCorrect" time="4.953" errors="0" timestamp="2023-01-13T12:26:52 IST" skipped="0">
  <testcase classname="com.DataDrivenBasic.UserNameCorrect" name="ValidUsername" time="4.953"/>
  <system-out/>
</testsuite> <!-- com.DataDrivenBasic.UserNameCorrect -->
