<?xml version="1.0" encoding="UTF-8"?>
<!-- Generated by org.testng.reporters.JUnitReportReporter -->
<testsuite hostname="DESKTOP-HLF1SQE" failures="0" tests="1" name="com.DataDrivenExcel.DataDrivenExcel" time="0.000" errors="0" timestamp="2023-01-19T10:19:26 IST" skipped="1">
  <testcase classname="com.DataDrivenExcel.DataDrivenExcel" name="GetData" time="0.000">
    <skipped/>
  </testcase> <!-- GetData -->
  <system-out/>
</testsuite> <!-- com.DataDrivenExcel.DataDrivenExcel -->
