<?xml version="1.0" encoding="UTF-8"?>
<!-- Generated by org.testng.reporters.JUnitReportReporter -->
<testsuite hostname="DESKTOP-HLF1SQE" failures="0" tests="4" name="com.DataDrivenExcel.MyFirstDD" time="25.576" errors="0" timestamp="2023-01-20T12:17:24 IST" skipped="0">
  <testcase classname="com.DataDrivenExcel.MyFirstDD" name="LoginwithDD" time="6.119"/>
  <system-out/>
  <testcase classname="com.DataDrivenExcel.MyFirstDD" name="LoginwithDD" time="7.233"/>
  <system-out/>
  <testcase classname="com.DataDrivenExcel.MyFirstDD" name="LoginwithDD" time="6.108"/>
  <system-out/>
  <testcase classname="com.DataDrivenExcel.MyFirstDD" name="LoginwithDD" time="6.116"/>
  <system-out/>
</testsuite> <!-- com.DataDrivenExcel.MyFirstDD -->
