<?xml version="1.0" encoding="UTF-8"?>
<!-- Generated by org.testng.reporters.JUnitReportReporter -->
<testsuite hostname="DESKTOP-HLF1SQE" failures="0" tests="1" name="com.DataDrivenBasic.BothCorrect" time="5.356" errors="0" timestamp="2023-01-13T12:26:52 IST" skipped="0">
  <testcase classname="com.DataDrivenBasic.BothCorrect" name="ValidUsername" time="5.356"/>
  <system-out/>
</testsuite> <!-- com.DataDrivenBasic.BothCorrect -->
